<?xml version="1.0" encoding="UTF-8" standalone="no"?>
<testsuite errors="0" failures="2" name="io.cucumber.core.plugin.JUnitFormatter" skipped="0" tests="5" time="19.24">
    <testcase classname="As a user I want to get ability to user Docs pages" name="Docs sections should contains appropriate columns" time="17.55">
        <system-out><![CDATA[Given the user opens Cucumber website.......................................passed
When the user clicks on the "Docs" section..................................passed
And the user clicks on the "Installation" item..............................passed
Then there are 10 items in the left-side menu...............................passed
And left-side menu contains the following links.............................passed
]]></system-out>
    </testcase>
    <testcase classname="As a user I want to get ability to use menu sections" name="Docs sections should contains appropriate columns" time="17.54">
        <system-out><![CDATA[Given the user opens Cucumber website.......................................passed
When the user clicks on the "Docs" section..................................passed
And the user clicks on the "Installation" item..............................passed
Then page with title "Installation" is displayed............................passed
]]></system-out>
    </testcase>
    <testcase classname="As a user I want to get ability to use menu sections" name="Docs sections should contains appropriate columns 2" time="19.146">
        <failure message="no such element: Unable to locate element: {&quot;method&quot;:&quot;xpath&quot;,&quot;selector&quot;:&quot;//*[contains(@class, 'dropdown')]//*[contains(@class, 'item')][contains(text(), 'Guides')]&quot;}&#10;  (Session info: chrome=106.0.5249.119)&#10;For documentation on this error, please visit: https://selenium.dev/exceptions/#no_such_element&#10;Build info: version: '4.4.0', revision: 'e5c75ed026a'&#10;System info: host: 'admins-MacBook-Pro.local', ip: 'fe80:0:0:0:488:16ae:20a9:8b99%en0', os.name: 'Mac OS X', os.arch: 'aarch64', os.version: '12.6', java.version: '18.0.2'&#10;Driver info: org.openqa.selenium.chrome.ChromeDriver&#10;Command: [30275f093b50102dcaef4442dc6cba96, findElement {using=xpath, value=//*[contains(@class, 'dropdown')]//*[contains(@class, 'item')][contains(text(), 'Guides')]}]&#10;Capabilities {acceptInsecureCerts: false, browserName: chrome, browserVersion: 106.0.5249.119, chrome: {chromedriverVersion: 106.0.5249.61 (511755355844..., userDataDir: /var/folders/br/rrn5t_652kx...}, goog:chromeOptions: {debuggerAddress: localhost:60575}, networkConnectionEnabled: false, pageLoadStrategy: normal, platformName: MAC, proxy: Proxy(), se:cdp: ws://localhost:60575/devtoo..., se:cdpVersion: 106.0.5249.119, setWindowRect: true, strictFileInteractability: false, timeouts: {implicit: 0, pageLoad: 300000, script: 30000}, unhandledPromptBehavior: dismiss and notify, webauthn:extension:credBlob: true, webauthn:extension:largeBlob: true, webauthn:virtualAuthenticators: true}&#10;Session ID: 30275f093b50102dcaef4442dc6cba96" type="org.openqa.selenium.NoSuchElementException"><![CDATA[Given the user opens Cucumber website.......................................passed
When the user clicks on the "Docs" section..................................passed
And the user clicks on the "Guides" item....................................failed
Then page with title "Guides" is displayed..................................skipped

StackTrace:
org.openqa.selenium.NoSuchElementException: no such element: Unable to locate element: {"method":"xpath","selector":"//*[contains(@class, 'dropdown')]//*[contains(@class, 'item')][contains(text(), 'Guides')]"}
  (Session info: chrome=106.0.5249.119)
For documentation on this error, please visit: https://selenium.dev/exceptions/#no_such_element
Build info: version: '4.4.0', revision: 'e5c75ed026a'
System info: host: 'admins-MacBook-Pro.local', ip: 'fe80:0:0:0:488:16ae:20a9:8b99%en0', os.name: 'Mac OS X', os.arch: 'aarch64', os.version: '12.6', java.version: '18.0.2'
Driver info: org.openqa.selenium.chrome.ChromeDriver
Command: [30275f093b50102dcaef4442dc6cba96, findElement {using=xpath, value=//*[contains(@class, 'dropdown')]//*[contains(@class, 'item')][contains(text(), 'Guides')]}]
Capabilities {acceptInsecureCerts: false, browserName: chrome, browserVersion: 106.0.5249.119, chrome: {chromedriverVersion: 106.0.5249.61 (511755355844..., userDataDir: /var/folders/br/rrn5t_652kx...}, goog:chromeOptions: {debuggerAddress: localhost:60575}, networkConnectionEnabled: false, pageLoadStrategy: normal, platformName: MAC, proxy: Proxy(), se:cdp: ws://localhost:60575/devtoo..., se:cdpVersion: 106.0.5249.119, setWindowRect: true, strictFileInteractability: false, timeouts: {implicit: 0, pageLoad: 300000, script: 30000}, unhandledPromptBehavior: dismiss and notify, webauthn:extension:credBlob: true, webauthn:extension:largeBlob: true, webauthn:virtualAuthenticators: true}
Session ID: 30275f093b50102dcaef4442dc6cba96
	at java.base/jdk.internal.reflect.DirectConstructorHandleAccessor.newInstance(DirectConstructorHandleAccessor.java:67)
	at java.base/java.lang.reflect.Constructor.newInstanceWithCaller(Constructor.java:499)
	at java.base/java.lang.reflect.Constructor.newInstance(Constructor.java:483)
	at org.openqa.selenium.remote.codec.w3c.W3CHttpResponseCodec.createException(W3CHttpResponseCodec.java:200)
	at org.openqa.selenium.remote.codec.w3c.W3CHttpResponseCodec.decode(W3CHttpResponseCodec.java:133)
	at org.openqa.selenium.remote.codec.w3c.W3CHttpResponseCodec.decode(W3CHttpResponseCodec.java:53)
	at org.openqa.selenium.remote.HttpCommandExecutor.execute(HttpCommandExecutor.java:184)
	at org.openqa.selenium.remote.service.DriverCommandExecutor.invokeExecute(DriverCommandExecutor.java:167)
	at org.openqa.selenium.remote.service.DriverCommandExecutor.execute(DriverCommandExecutor.java:142)
	at org.openqa.selenium.remote.RemoteWebDriver.execute(RemoteWebDriver.java:547)
	at org.openqa.selenium.remote.ElementLocation$ElementFinder$2.findElement(ElementLocation.java:162)
	at org.openqa.selenium.remote.ElementLocation.findElement(ElementLocation.java:60)
	at org.openqa.selenium.remote.RemoteWebDriver.findElement(RemoteWebDriver.java:365)
	at org.openqa.selenium.remote.RemoteWebDriver.findElement(RemoteWebDriver.java:357)
	at org.example.pages.BasePage.findElement(BasePage.java:16)
	at org.example.pages.HomePage.menuChildItem(HomePage.java:23)
	at org.example.steps.MenuSectionsSteps.clicksOnItem(MenuSectionsSteps.java:29)
	at ✽.the user clicks on the "Guides" item(classpath:features/MenuSection.feature:8)
]]></failure>
    </testcase>
    <testcase classname="As a user I want to get ability to use menu sections" name="Docs sections should contains appropriate columns 3" time="17.576">
        <system-out><![CDATA[Given the user opens Cucumber website.......................................passed
When the user clicks on the "Docs" section..................................passed
And the user clicks on the "Gherkin Syntax" item............................passed
Then page with title "Gherkin Syntax" is displayed..........................passed
]]></system-out>
    </testcase>
    <testcase classname="As a user I want to get ability to use menu sections" name="Docs sections should contains appropriate columns 4" time="19.153">
        <failure message="no such element: Unable to locate element: {&quot;method&quot;:&quot;xpath&quot;,&quot;selector&quot;:&quot;//*[contains(@class, 'dropdown')]//*[contains(@class, 'item')][contains(text(), '10 Minute Tutorial')]&quot;}&#10;  (Session info: chrome=106.0.5249.119)&#10;For documentation on this error, please visit: https://selenium.dev/exceptions/#no_such_element&#10;Build info: version: '4.4.0', revision: 'e5c75ed026a'&#10;System info: host: 'admins-MacBook-Pro.local', ip: 'fe80:0:0:0:488:16ae:20a9:8b99%en0', os.name: 'Mac OS X', os.arch: 'aarch64', os.version: '12.6', java.version: '18.0.2'&#10;Driver info: org.openqa.selenium.chrome.ChromeDriver&#10;Command: [30d25a1e032e14d4936be550b95dadba, findElement {using=xpath, value=//*[contains(@class, 'dropdown')]//*[contains(@class, 'item')][contains(text(), '10 Minute Tutorial')]}]&#10;Capabilities {acceptInsecureCerts: false, browserName: chrome, browserVersion: 106.0.5249.119, chrome: {chromedriverVersion: 106.0.5249.61 (511755355844..., userDataDir: /var/folders/br/rrn5t_652kx...}, goog:chromeOptions: {debuggerAddress: localhost:60567}, networkConnectionEnabled: false, pageLoadStrategy: normal, platformName: MAC, proxy: Proxy(), se:cdp: ws://localhost:60567/devtoo..., se:cdpVersion: 106.0.5249.119, setWindowRect: true, strictFileInteractability: false, timeouts: {implicit: 0, pageLoad: 300000, script: 30000}, unhandledPromptBehavior: dismiss and notify, webauthn:extension:credBlob: true, webauthn:extension:largeBlob: true, webauthn:virtualAuthenticators: true}&#10;Session ID: 30d25a1e032e14d4936be550b95dadba" type="org.openqa.selenium.NoSuchElementException"><![CDATA[Given the user opens Cucumber website.......................................passed
When the user clicks on the "Docs" section..................................passed
And the user clicks on the "10 Minute Tutorial" item........................failed
Then page with title "10 Minute Tutorial" is displayed......................skipped

StackTrace:
org.openqa.selenium.NoSuchElementException: no such element: Unable to locate element: {"method":"xpath","selector":"//*[contains(@class, 'dropdown')]//*[contains(@class, 'item')][contains(text(), '10 Minute Tutorial')]"}
  (Session info: chrome=106.0.5249.119)
For documentation on this error, please visit: https://selenium.dev/exceptions/#no_such_element
Build info: version: '4.4.0', revision: 'e5c75ed026a'
System info: host: 'admins-MacBook-Pro.local', ip: 'fe80:0:0:0:488:16ae:20a9:8b99%en0', os.name: 'Mac OS X', os.arch: 'aarch64', os.version: '12.6', java.version: '18.0.2'
Driver info: org.openqa.selenium.chrome.ChromeDriver
Command: [30d25a1e032e14d4936be550b95dadba, findElement {using=xpath, value=//*[contains(@class, 'dropdown')]//*[contains(@class, 'item')][contains(text(), '10 Minute Tutorial')]}]
Capabilities {acceptInsecureCerts: false, browserName: chrome, browserVersion: 106.0.5249.119, chrome: {chromedriverVersion: 106.0.5249.61 (511755355844..., userDataDir: /var/folders/br/rrn5t_652kx...}, goog:chromeOptions: {debuggerAddress: localhost:60567}, networkConnectionEnabled: false, pageLoadStrategy: normal, platformName: MAC, proxy: Proxy(), se:cdp: ws://localhost:60567/devtoo..., se:cdpVersion: 106.0.5249.119, setWindowRect: true, strictFileInteractability: false, timeouts: {implicit: 0, pageLoad: 300000, script: 30000}, unhandledPromptBehavior: dismiss and notify, webauthn:extension:credBlob: true, webauthn:extension:largeBlob: true, webauthn:virtualAuthenticators: true}
Session ID: 30d25a1e032e14d4936be550b95dadba
	at java.base/jdk.internal.reflect.DirectConstructorHandleAccessor.newInstance(DirectConstructorHandleAccessor.java:67)
	at java.base/java.lang.reflect.Constructor.newInstanceWithCaller(Constructor.java:499)
	at java.base/java.lang.reflect.Constructor.newInstance(Constructor.java:483)
	at org.openqa.selenium.remote.codec.w3c.W3CHttpResponseCodec.createException(W3CHttpResponseCodec.java:200)
	at org.openqa.selenium.remote.codec.w3c.W3CHttpResponseCodec.decode(W3CHttpResponseCodec.java:133)
	at org.openqa.selenium.remote.codec.w3c.W3CHttpResponseCodec.decode(W3CHttpResponseCodec.java:53)
	at org.openqa.selenium.remote.HttpCommandExecutor.execute(HttpCommandExecutor.java:184)
	at org.openqa.selenium.remote.service.DriverCommandExecutor.invokeExecute(DriverCommandExecutor.java:167)
	at org.openqa.selenium.remote.service.DriverCommandExecutor.execute(DriverCommandExecutor.java:142)
	at org.openqa.selenium.remote.RemoteWebDriver.execute(RemoteWebDriver.java:547)
	at org.openqa.selenium.remote.ElementLocation$ElementFinder$2.findElement(ElementLocation.java:162)
	at org.openqa.selenium.remote.ElementLocation.findElement(ElementLocation.java:60)
	at org.openqa.selenium.remote.RemoteWebDriver.findElement(RemoteWebDriver.java:365)
	at org.openqa.selenium.remote.RemoteWebDriver.findElement(RemoteWebDriver.java:357)
	at org.example.pages.BasePage.findElement(BasePage.java:16)
	at org.example.pages.HomePage.menuChildItem(HomePage.java:23)
	at org.example.steps.MenuSectionsSteps.clicksOnItem(MenuSectionsSteps.java:29)
	at ✽.the user clicks on the "10 Minute Tutorial" item(classpath:features/MenuSection.feature:8)
]]></failure>
    </testcase>
</testsuite>
