<?xml version="1.0" encoding="UTF-8"?>
<testsuite xmlns:xsi="http://www.w3.org/2001/XMLSchema-instance" xsi:noNamespaceSchemaLocation="https://maven.apache.org/surefire/maven-surefire-plugin/xsd/surefire-test-report.xsd" name="TestSuite" time="19.795" tests="5" errors="0" skipped="0" failures="2">
  <properties>
[...]
</properties>
  <testcase name="runScenario" classname="org.example.runner.CucumberTest" time="17.603"/>
  <testcase name="runScenario" classname="org.example.runner.CucumberTest" time="17.608"/>
  <testcase name="runScenario" classname="org.example.runner.CucumberTest" time="17.62"/>
  <testcase name="runScenario" classname="org.example.runner.CucumberTest" time="19.195">
    <failure message="no such element: Unable to locate element: {&quot;method&quot;:&quot;xpath&quot;,&quot;selector&quot;:&quot;//*[contains(@class, &apos;dropdown&apos;)]//*[contains(@class, &apos;item&apos;)][contains(text(), &apos;Guides&apos;)]&quot;}&#10;  (Session info: chrome=106.0.5249.119)&#10;For documentation on this error, please visit: https://selenium.dev/exceptions/#no_such_element&#10;Build info: version: &apos;4.4.0&apos;, revision: &apos;e5c75ed026a&apos;&#10;System info: host: &apos;admins-MacBook-Pro.local&apos;, ip: &apos;fe80:0:0:0:488:16ae:20a9:8b99%en0&apos;, os.name: &apos;Mac OS X&apos;, os.arch: &apos;aarch64&apos;, os.version: &apos;12.6&apos;, java.version: &apos;18.0.2&apos;&#10;Driver info: org.openqa.selenium.chrome.ChromeDriver&#10;Command: [30275f093b50102dcaef4442dc6cba96, findElement {using=xpath, value=//*[contains(@class, &apos;dropdown&apos;)]//*[contains(@class, &apos;item&apos;)][contains(text(), &apos;Guides&apos;)]}]&#10;Capabilities {acceptInsecureCerts: false, browserName: chrome, browserVersion: 106.0.5249.119, chrome: {chromedriverVersion: 106.0.5249.61 (511755355844..., userDataDir: /var/folders/br/rrn5t_652kx...}, goog:chromeOptions: {debuggerAddress: localhost:60575}, networkConnectionEnabled: false, pageLoadStrategy: normal, platformName: MAC, proxy: Proxy(), se:cdp: ws://localhost:60575/devtoo..., se:cdpVersion: 106.0.5249.119, setWindowRect: true, strictFileInteractability: false, timeouts: {implicit: 0, pageLoad: 300000, script: 30000}, unhandledPromptBehavior: dismiss and notify, webauthn:extension:credBlob: true, webauthn:extension:largeBlob: true, webauthn:virtualAuthenticators: true}&#10;Session ID: 30275f093b50102dcaef4442dc6cba96" type="org.openqa.selenium.NoSuchElementException">org.openqa.selenium.NoSuchElementException: 
no such element: Unable to locate element: {"method":"xpath","selector":"//*[contains(@class, 'dropdown')]//*[contains(@class, 'item')][contains(text(), 'Guides')]"}
  (Session info: chrome=106.0.5249.119)
For documentation on this error, please visit: https://selenium.dev/exceptions/#no_such_element
Build info: version: '4.4.0', revision: 'e5c75ed026a'
System info: host: 'admins-MacBook-Pro.local', ip: 'fe80:0:0:0:488:16ae:20a9:8b99%en0', os.name: 'Mac OS X', os.arch: 'aarch64', os.version: '12.6', java.version: '18.0.2'
Driver info: org.openqa.selenium.chrome.ChromeDriver
Command: [30275f093b50102dcaef4442dc6cba96, findElement {using=xpath, value=//*[contains(@class, 'dropdown')]//*[contains(@class, 'item')][contains(text(), 'Guides')]}]
Capabilities {acceptInsecureCerts: false, browserName: chrome, browserVersion: 106.0.5249.119, chrome: {chromedriverVersion: 106.0.5249.61 (511755355844..., userDataDir: /var/folders/br/rrn5t_652kx...}, goog:chromeOptions: {debuggerAddress: localhost:60575}, networkConnectionEnabled: false, pageLoadStrategy: normal, platformName: MAC, proxy: Proxy(), se:cdp: ws://localhost:60575/devtoo..., se:cdpVersion: 106.0.5249.119, setWindowRect: true, strictFileInteractability: false, timeouts: {implicit: 0, pageLoad: 300000, script: 30000}, unhandledPromptBehavior: dismiss and notify, webauthn:extension:credBlob: true, webauthn:extension:largeBlob: true, webauthn:virtualAuthenticators: true}
Session ID: 30275f093b50102dcaef4442dc6cba96
</failure>
    <system-out><![CDATA[  &amp#27;[31mAnd &amp#27;[0m&amp#27;[31mthe user clicks on the &amp#27;[0m&amp#27;[31m&amp#27;[1m"10 Minute Tutorial"&amp#27;[0m&amp#27;[31m item&amp#27;[0m              &amp#27;[90m# org.example.steps.MenuSectionsSteps.clicksOnItem(java.lang.String)&amp#27;[0m
      &amp#27;[31morg.openqa.selenium.NoSuchElementException: no such element: Unable to locate element: {"method":"xpath","selector":"//*[contains(@class, 'dropdown')]//*[contains(@class, 'item')][contains(text(), '10 Minute Tutorial')]"}
  (Session info: chrome=106.0.5249.119)
For documentation on this error, please visit: https://selenium.dev/exceptions/#no_such_element
Build info: version: '4.4.0', revision: 'e5c75ed026a'
System info: host: 'admins-MacBook-Pro.local', ip: 'fe80:0:0:0:488:16ae:20a9:8b99%en0', os.name: 'Mac OS X', os.arch: 'aarch64', os.version: '12.6', java.version: '18.0.2'
Driver info: org.openqa.selenium.chrome.ChromeDriver
Command: [30d25a1e032e14d4936be550b95dadba, findElement {using=xpath, value=//*[contains(@class, 'dropdown')]//*[contains(@class, 'item')][contains(text(), '10 Minute Tutorial')]}]
Capabilities {acceptInsecureCerts: false, browserName: chrome, browserVersion: 106.0.5249.119, chrome: {chromedriverVersion: 106.0.5249.61 (511755355844..., userDataDir: /var/folders/br/rrn5t_652kx...}, goog:chromeOptions: {debuggerAddress: localhost:60567}, networkConnectionEnabled: false, pageLoadStrategy: normal, platformName: MAC, proxy: Proxy(), se:cdp: ws://localhost:60567/devtoo..., se:cdpVersion: 106.0.5249.119, setWindowRect: true, strictFileInteractability: false, timeouts: {implicit: 0, pageLoad: 300000, script: 30000}, unhandledPromptBehavior: dismiss and notify, webauthn:extension:credBlob: true, webauthn:extension:largeBlob: true, webauthn:virtualAuthenticators: true}
Session ID: 30d25a1e032e14d4936be550b95dadba
	at java.base/jdk.internal.reflect.DirectConstructorHandleAccessor.newInstance(DirectConstructorHandleAccessor.java:67)
	at java.base/java.lang.reflect.Constructor.newInstanceWithCaller(Constructor.java:499)
	at java.base/java.lang.reflect.Constructor.newInstance(Constructor.java:483)
	at org.openqa.selenium.remote.codec.w3c.W3CHttpResponseCodec.createException(W3CHttpResponseCodec.java:200)
	at org.openqa.selenium.remote.codec.w3c.W3CHttpResponseCodec.decode(W3CHttpResponseCodec.java:133)
	at org.openqa.selenium.remote.codec.w3c.W3CHttpResponseCodec.decode(W3CHttpResponseCodec.java:53)
	at org.openqa.selenium.remote.HttpCommandExecutor.execute(HttpCommandExecutor.java:184)
	at org.openqa.selenium.remote.service.DriverCommandExecutor.invokeExecute(DriverCommandExecutor.java:167)
	at org.openqa.selenium.remote.service.DriverCommandExecutor.execute(DriverCommandExecutor.java:142)
	at org.openqa.selenium.remote.RemoteWebDriver.execute(RemoteWebDriver.java:547)
	at org.openqa.selenium.remote.ElementLocation$ElementFinder$2.findElement(ElementLocation.java:162)
	at org.openqa.selenium.remote.ElementLocation.findElement(ElementLocation.java:60)
	at org.openqa.selenium.remote.RemoteWebDriver.findElement(RemoteWebDriver.java:365)
	at org.openqa.selenium.remote.RemoteWebDriver.findElement(RemoteWebDriver.java:357)
	at org.example.pages.BasePage.findElement(BasePage.java:16)
	at org.example.pages.HomePage.menuChildItem(HomePage.java:23)
	at org.example.steps.MenuSectionsSteps.clicksOnItem(MenuSectionsSteps.java:29)
	at ✽.the user clicks on the "10 Minute Tutorial" item(classpath:features/MenuSection.feature:8)
&amp#27;[0m
  &amp#27;[31mAnd &amp#27;[0m&amp#27;[31mthe user clicks on the &amp#27;[0m&amp#27;[31m&amp#27;[1m"Guides"&amp#27;[0m&amp#27;[31m item&amp#27;[0m                          &amp#27;[90m# org.example.steps.MenuSectionsSteps.clicksOnItem(java.lang.String)&amp#27;[0m
      &amp#27;[31morg.openqa.selenium.NoSuchElementException: no such element: Unable to locate element: {"method":"xpath","selector":"//*[contains(@class, 'dropdown')]//*[contains(@class, 'item')][contains(text(), 'Guides')]"}
  (Session info: chrome=106.0.5249.119)
For documentation on this error, please visit: https://selenium.dev/exceptions/#no_such_element
Build info: version: '4.4.0', revision: 'e5c75ed026a'
System info: host: 'admins-MacBook-Pro.local', ip: 'fe80:0:0:0:488:16ae:20a9:8b99%en0', os.name: 'Mac OS X', os.arch: 'aarch64', os.version: '12.6', java.version: '18.0.2'
Driver info: org.openqa.selenium.chrome.ChromeDriver
Command: [30275f093b50102dcaef4442dc6cba96, findElement {using=xpath, value=//*[contains(@class, 'dropdown')]//*[contains(@class, 'item')][contains(text(), 'Guides')]}]
Capabilities {acceptInsecureCerts: false, browserName: chrome, browserVersion: 106.0.5249.119, chrome: {chromedriverVersion: 106.0.5249.61 (511755355844..., userDataDir: /var/folders/br/rrn5t_652kx...}, goog:chromeOptions: {debuggerAddress: localhost:60575}, networkConnectionEnabled: false, pageLoadStrategy: normal, platformName: MAC, proxy: Proxy(), se:cdp: ws://localhost:60575/devtoo..., se:cdpVersion: 106.0.5249.119, setWindowRect: true, strictFileInteractability: false, timeouts: {implicit: 0, pageLoad: 300000, script: 30000}, unhandledPromptBehavior: dismiss and notify, webauthn:extension:credBlob: true, webauthn:extension:largeBlob: true, webauthn:virtualAuthenticators: true}
Session ID: 30275f093b50102dcaef4442dc6cba96
	at java.base/jdk.internal.reflect.DirectConstructorHandleAccessor.newInstance(DirectConstructorHandleAccessor.java:67)
	at java.base/java.lang.reflect.Constructor.newInstanceWithCaller(Constructor.java:499)
	at java.base/java.lang.reflect.Constructor.newInstance(Constructor.java:483)
	at org.openqa.selenium.remote.codec.w3c.W3CHttpResponseCodec.createException(W3CHttpResponseCodec.java:200)
	at org.openqa.selenium.remote.codec.w3c.W3CHttpResponseCodec.decode(W3CHttpResponseCodec.java:133)
	at org.openqa.selenium.remote.codec.w3c.W3CHttpResponseCodec.decode(W3CHttpResponseCodec.java:53)
	at org.openqa.selenium.remote.HttpCommandExecutor.execute(HttpCommandExecutor.java:184)
	at org.openqa.selenium.remote.service.DriverCommandExecutor.invokeExecute(DriverCommandExecutor.java:167)
	at org.openqa.selenium.remote.service.DriverCommandExecutor.execute(DriverCommandExecutor.java:142)
	at org.openqa.selenium.remote.RemoteWebDriver.execute(RemoteWebDriver.java:547)
	at org.openqa.selenium.remote.ElementLocation$ElementFinder$2.findElement(ElementLocation.java:162)
	at org.openqa.selenium.remote.ElementLocation.findElement(ElementLocation.java:60)
	at org.openqa.selenium.remote.RemoteWebDriver.findElement(RemoteWebDriver.java:365)
	at org.openqa.selenium.remote.RemoteWebDriver.findElement(RemoteWebDriver.java:357)
	at org.example.pages.BasePage.findElement(BasePage.java:16)
	at org.example.pages.HomePage.menuChildItem(HomePage.java:23)
	at org.example.steps.MenuSectionsSteps.clicksOnItem(MenuSectionsSteps.java:29)
	at ✽.the user clicks on the "Guides" item(classpath:features/MenuSection.feature:8)
&amp#27;[0m
  &amp#27;[36mThen &amp#27;[0m&amp#27;[36mpage with title &amp#27;[0m&amp#27;[36m&amp#27;[1m"10 Minute Tutorial"&amp#27;[0m&amp#27;[36m is displayed&amp#27;[0m            &amp#27;[90m# org.example.steps.MenuSectionsSteps.pageWithTitleIsDisplayed(java.lang.String)&amp#27;[0m
  &amp#27;[36mThen &amp#27;[0m&amp#27;[36mpage with title &amp#27;[0m&amp#27;[36m&amp#27;[1m"Guides"&amp#27;[0m&amp#27;[36m is displayed&amp#27;[0m                        &amp#27;[90m# org.example.steps.MenuSectionsSteps.pageWithTitleIsDisplayed(java.lang.String)&amp#27;[0m
This is from After hook, order=1
This is from After hook, order=1

    Embedding Docs sections should contains appropriate columns [image/png 896557 bytes]


    Embedding Docs sections should contains appropriate columns [image/png 896557 bytes]

]]></system-out>
  </testcase>
  <testcase name="runScenario" classname="org.example.runner.CucumberTest" time="19.199">
    <failure message="no such element: Unable to locate element: {&quot;method&quot;:&quot;xpath&quot;,&quot;selector&quot;:&quot;//*[contains(@class, &apos;dropdown&apos;)]//*[contains(@class, &apos;item&apos;)][contains(text(), &apos;10 Minute Tutorial&apos;)]&quot;}&#10;  (Session info: chrome=106.0.5249.119)&#10;For documentation on this error, please visit: https://selenium.dev/exceptions/#no_such_element&#10;Build info: version: &apos;4.4.0&apos;, revision: &apos;e5c75ed026a&apos;&#10;System info: host: &apos;admins-MacBook-Pro.local&apos;, ip: &apos;fe80:0:0:0:488:16ae:20a9:8b99%en0&apos;, os.name: &apos;Mac OS X&apos;, os.arch: &apos;aarch64&apos;, os.version: &apos;12.6&apos;, java.version: &apos;18.0.2&apos;&#10;Driver info: org.openqa.selenium.chrome.ChromeDriver&#10;Command: [30d25a1e032e14d4936be550b95dadba, findElement {using=xpath, value=//*[contains(@class, &apos;dropdown&apos;)]//*[contains(@class, &apos;item&apos;)][contains(text(), &apos;10 Minute Tutorial&apos;)]}]&#10;Capabilities {acceptInsecureCerts: false, browserName: chrome, browserVersion: 106.0.5249.119, chrome: {chromedriverVersion: 106.0.5249.61 (511755355844..., userDataDir: /var/folders/br/rrn5t_652kx...}, goog:chromeOptions: {debuggerAddress: localhost:60567}, networkConnectionEnabled: false, pageLoadStrategy: normal, platformName: MAC, proxy: Proxy(), se:cdp: ws://localhost:60567/devtoo..., se:cdpVersion: 106.0.5249.119, setWindowRect: true, strictFileInteractability: false, timeouts: {implicit: 0, pageLoad: 300000, script: 30000}, unhandledPromptBehavior: dismiss and notify, webauthn:extension:credBlob: true, webauthn:extension:largeBlob: true, webauthn:virtualAuthenticators: true}&#10;Session ID: 30d25a1e032e14d4936be550b95dadba" type="org.openqa.selenium.NoSuchElementException">org.openqa.selenium.NoSuchElementException: 
no such element: Unable to locate element: {"method":"xpath","selector":"//*[contains(@class, 'dropdown')]//*[contains(@class, 'item')][contains(text(), '10 Minute Tutorial')]"}
  (Session info: chrome=106.0.5249.119)
For documentation on this error, please visit: https://selenium.dev/exceptions/#no_such_element
Build info: version: '4.4.0', revision: 'e5c75ed026a'
System info: host: 'admins-MacBook-Pro.local', ip: 'fe80:0:0:0:488:16ae:20a9:8b99%en0', os.name: 'Mac OS X', os.arch: 'aarch64', os.version: '12.6', java.version: '18.0.2'
Driver info: org.openqa.selenium.chrome.ChromeDriver
Command: [30d25a1e032e14d4936be550b95dadba, findElement {using=xpath, value=//*[contains(@class, 'dropdown')]//*[contains(@class, 'item')][contains(text(), '10 Minute Tutorial')]}]
Capabilities {acceptInsecureCerts: false, browserName: chrome, browserVersion: 106.0.5249.119, chrome: {chromedriverVersion: 106.0.5249.61 (511755355844..., userDataDir: /var/folders/br/rrn5t_652kx...}, goog:chromeOptions: {debuggerAddress: localhost:60567}, networkConnectionEnabled: false, pageLoadStrategy: normal, platformName: MAC, proxy: Proxy(), se:cdp: ws://localhost:60567/devtoo..., se:cdpVersion: 106.0.5249.119, setWindowRect: true, strictFileInteractability: false, timeouts: {implicit: 0, pageLoad: 300000, script: 30000}, unhandledPromptBehavior: dismiss and notify, webauthn:extension:credBlob: true, webauthn:extension:largeBlob: true, webauthn:virtualAuthenticators: true}
Session ID: 30d25a1e032e14d4936be550b95dadba
</failure>
  </testcase>
</testsuite>